TN:
SF:src/index.ts
FN:25,(anonymous_1)
FN:37,(anonymous_2)
FNF:2
FNH:1
FNDA:0,(anonymous_1)
FNDA:1,(anonymous_2)
DA:1,1
DA:2,1
DA:3,1
DA:4,1
DA:5,1
DA:6,1
DA:10,1
DA:13,1
DA:14,1
DA:15,1
DA:18,1
DA:21,1
DA:22,1
DA:25,1
DA:26,0
DA:28,1
DA:32,1
DA:33,1
DA:36,1
DA:37,1
DA:38,1
DA:41,1
LF:22
LH:21
BRDA:36,0,0,1
BRDA:36,0,1,0
BRDA:38,1,0,1
BRDA:38,1,1,0
BRF:4
BRH:2
end_of_record
TN:
SF:src/Config/DB.ts
FN:6,(anonymous_8)
FN:6,(anonymous_9)
FNF:2
FNH:2
FNDA:1,(anonymous_8)
FNDA:1,(anonymous_9)
DA:1,1
DA:2,1
DA:4,1
DA:6,1
DA:7,1
DA:8,1
DA:9,0
DA:13,1
DA:20,0
DA:24,1
LF:10
LH:8
BRDA:8,0,0,0
BRF:1
BRH:0
end_of_record
TN:
SF:src/Controller/QuestionController.ts
FN:13,(anonymous_8)
FN:13,(anonymous_9)
FN:22,(anonymous_10)
FN:22,(anonymous_11)
FN:27,(anonymous_12)
FNF:5
FNH:0
FNDA:0,(anonymous_8)
FNDA:0,(anonymous_9)
FNDA:0,(anonymous_10)
FNDA:0,(anonymous_11)
FNDA:0,(anonymous_12)
DA:2,1
DA:3,1
DA:13,1
DA:14,0
DA:16,0
DA:18,0
DA:21,0
DA:22,0
DA:24,0
DA:27,0
DA:33,0
DA:42,0
DA:46,0
LF:13
LH:3
BRDA:14,0,0,0
BRDA:14,0,1,0
BRF:2
BRH:0
end_of_record
TN:
SF:src/Middleware/error.ts
FN:4,(anonymous_0)
FN:11,(anonymous_1)
FNF:2
FNH:0
FNDA:0,(anonymous_0)
FNDA:0,(anonymous_1)
DA:4,1
DA:5,0
DA:6,0
DA:7,0
DA:11,1
DA:12,0
DA:13,0
DA:19,1
LF:8
LH:3
BRDA:12,0,0,0
BRDA:12,0,1,0
BRDA:15,1,0,0
BRDA:15,1,1,0
BRF:4
BRH:0
end_of_record
TN:
SF:src/Models/CommentModel.ts
FN:27,(anonymous_10)
FNF:1
FNH:0
FNDA:0,(anonymous_10)
DA:1,1
DA:2,1
DA:14,1
DA:24,1
DA:27,1
DA:28,0
DA:32,0
LF:7
LH:5
BRF:0
BRH:0
end_of_record
TN:
SF:src/Models/OptionsModel.ts
FNF:0
FNH:0
DA:1,1
DA:9,1
DA:17,1
DA:19,1
LF:4
LH:4
BRF:0
BRH:0
end_of_record
TN:
SF:src/Models/QuestionModel.ts
FNF:0
FNH:0
DA:1,1
DA:8,1
DA:16,1
DA:18,1
LF:4
LH:4
BRF:0
BRH:0
end_of_record
TN:
SF:src/Routes/QuestionRoute.ts
FNF:0
FNH:0
DA:1,1
DA:2,1
DA:4,1
DA:7,1
DA:9,1
LF:5
LH:5
BRF:0
BRH:0
end_of_record
